Iniciando testes...
OK:           0 +           0 = 00000
OK:           0 +           1 = 00001
OK:           0 +           2 = 00010
OK:           0 +           3 = 00011
OK:           0 +           4 = 00100
OK:           0 +           5 = 00101
OK:           0 +           6 = 00110
OK:           0 +           7 = 00111
OK:           0 +           8 = 01000
OK:           0 +           9 = 01001
OK:           0 +          10 = 01010
OK:           0 +          11 = 01011
OK:           0 +          12 = 01100
OK:           0 +          13 = 01101
OK:           0 +          14 = 01110
OK:           0 +          15 = 01111
OK:           1 +           0 = 00001
OK:           1 +           1 = 00010
OK:           1 +           2 = 00011
OK:           1 +           3 = 00100
OK:           1 +           4 = 00101
OK:           1 +           5 = 00110
OK:           1 +           6 = 00111
OK:           1 +           7 = 01000
OK:           1 +           8 = 01001
OK:           1 +           9 = 01010
OK:           1 +          10 = 01011
OK:           1 +          11 = 01100
OK:           1 +          12 = 01101
OK:           1 +          13 = 01110
OK:           1 +          14 = 01111
OK:           1 +          15 = 10000
OK:           2 +           0 = 00010
OK:           2 +           1 = 00011
OK:           2 +           2 = 00100
OK:           2 +           3 = 00101
OK:           2 +           4 = 00110
OK:           2 +           5 = 00111
OK:           2 +           6 = 01000
OK:           2 +           7 = 01001
OK:           2 +           8 = 01010
OK:           2 +           9 = 01011
OK:           2 +          10 = 01100
OK:           2 +          11 = 01101
OK:           2 +          12 = 01110
OK:           2 +          13 = 01111
OK:           2 +          14 = 10000
OK:           2 +          15 = 10001
OK:           3 +           0 = 00011
OK:           3 +           1 = 00100
OK:           3 +           2 = 00101
OK:           3 +           3 = 00110
OK:           3 +           4 = 00111
OK:           3 +           5 = 01000
OK:           3 +           6 = 01001
OK:           3 +           7 = 01010
OK:           3 +           8 = 01011
OK:           3 +           9 = 01100
OK:           3 +          10 = 01101
OK:           3 +          11 = 01110
OK:           3 +          12 = 01111
OK:           3 +          13 = 10000
OK:           3 +          14 = 10001
OK:           3 +          15 = 10010
OK:           4 +           0 = 00100
OK:           4 +           1 = 00101
OK:           4 +           2 = 00110
OK:           4 +           3 = 00111
OK:           4 +           4 = 01000
OK:           4 +           5 = 01001
OK:           4 +           6 = 01010
OK:           4 +           7 = 01011
OK:           4 +           8 = 01100
OK:           4 +           9 = 01101
OK:           4 +          10 = 01110
OK:           4 +          11 = 01111
OK:           4 +          12 = 10000
OK:           4 +          13 = 10001
OK:           4 +          14 = 10010
OK:           4 +          15 = 10011
OK:           5 +           0 = 00101
OK:           5 +           1 = 00110
OK:           5 +           2 = 00111
OK:           5 +           3 = 01000
OK:           5 +           4 = 01001
OK:           5 +           5 = 01010
OK:           5 +           6 = 01011
OK:           5 +           7 = 01100
OK:           5 +           8 = 01101
OK:           5 +           9 = 01110
OK:           5 +          10 = 01111
OK:           5 +          11 = 10000
OK:           5 +          12 = 10001
OK:           5 +          13 = 10010
OK:           5 +          14 = 10011
OK:           5 +          15 = 10100
OK:           6 +           0 = 00110
OK:           6 +           1 = 00111
OK:           6 +           2 = 01000
OK:           6 +           3 = 01001
OK:           6 +           4 = 01010
OK:           6 +           5 = 01011
OK:           6 +           6 = 01100
OK:           6 +           7 = 01101
OK:           6 +           8 = 01110
OK:           6 +           9 = 01111
OK:           6 +          10 = 10000
OK:           6 +          11 = 10001
OK:           6 +          12 = 10010
OK:           6 +          13 = 10011
OK:           6 +          14 = 10100
OK:           6 +          15 = 10101
OK:           7 +           0 = 00111
OK:           7 +           1 = 01000
OK:           7 +           2 = 01001
OK:           7 +           3 = 01010
OK:           7 +           4 = 01011
OK:           7 +           5 = 01100
OK:           7 +           6 = 01101
OK:           7 +           7 = 01110
OK:           7 +           8 = 01111
OK:           7 +           9 = 10000
OK:           7 +          10 = 10001
OK:           7 +          11 = 10010
OK:           7 +          12 = 10011
OK:           7 +          13 = 10100
OK:           7 +          14 = 10101
OK:           7 +          15 = 10110
OK:           8 +           0 = 01000
OK:           8 +           1 = 01001
OK:           8 +           2 = 01010
OK:           8 +           3 = 01011
OK:           8 +           4 = 01100
OK:           8 +           5 = 01101
OK:           8 +           6 = 01110
OK:           8 +           7 = 01111
OK:           8 +           8 = 10000
OK:           8 +           9 = 10001
OK:           8 +          10 = 10010
OK:           8 +          11 = 10011
OK:           8 +          12 = 10100
OK:           8 +          13 = 10101
OK:           8 +          14 = 10110
OK:           8 +          15 = 10111
OK:           9 +           0 = 01001
OK:           9 +           1 = 01010
OK:           9 +           2 = 01011
OK:           9 +           3 = 01100
OK:           9 +           4 = 01101
OK:           9 +           5 = 01110
OK:           9 +           6 = 01111
OK:           9 +           7 = 10000
OK:           9 +           8 = 10001
OK:           9 +           9 = 10010
OK:           9 +          10 = 10011
OK:           9 +          11 = 10100
OK:           9 +          12 = 10101
OK:           9 +          13 = 10110
OK:           9 +          14 = 10111
OK:           9 +          15 = 11000
OK:          10 +           0 = 01010
OK:          10 +           1 = 01011
OK:          10 +           2 = 01100
OK:          10 +           3 = 01101
OK:          10 +           4 = 01110
OK:          10 +           5 = 01111
OK:          10 +           6 = 10000
OK:          10 +           7 = 10001
OK:          10 +           8 = 10010
OK:          10 +           9 = 10011
OK:          10 +          10 = 10100
OK:          10 +          11 = 10101
OK:          10 +          12 = 10110
OK:          10 +          13 = 10111
OK:          10 +          14 = 11000
OK:          10 +          15 = 11001
OK:          11 +           0 = 01011
OK:          11 +           1 = 01100
OK:          11 +           2 = 01101
OK:          11 +           3 = 01110
OK:          11 +           4 = 01111
OK:          11 +           5 = 10000
OK:          11 +           6 = 10001
OK:          11 +           7 = 10010
OK:          11 +           8 = 10011
OK:          11 +           9 = 10100
OK:          11 +          10 = 10101
OK:          11 +          11 = 10110
OK:          11 +          12 = 10111
OK:          11 +          13 = 11000
OK:          11 +          14 = 11001
OK:          11 +          15 = 11010
OK:          12 +           0 = 01100
OK:          12 +           1 = 01101
OK:          12 +           2 = 01110
OK:          12 +           3 = 01111
OK:          12 +           4 = 10000
OK:          12 +           5 = 10001
OK:          12 +           6 = 10010
OK:          12 +           7 = 10011
OK:          12 +           8 = 10100
OK:          12 +           9 = 10101
OK:          12 +          10 = 10110
OK:          12 +          11 = 10111
OK:          12 +          12 = 11000
OK:          12 +          13 = 11001
OK:          12 +          14 = 11010
OK:          12 +          15 = 11011
OK:          13 +           0 = 01101
OK:          13 +           1 = 01110
OK:          13 +           2 = 01111
OK:          13 +           3 = 10000
OK:          13 +           4 = 10001
OK:          13 +           5 = 10010
OK:          13 +           6 = 10011
OK:          13 +           7 = 10100
OK:          13 +           8 = 10101
OK:          13 +           9 = 10110
OK:          13 +          10 = 10111
OK:          13 +          11 = 11000
OK:          13 +          12 = 11001
OK:          13 +          13 = 11010
OK:          13 +          14 = 11011
OK:          13 +          15 = 11100
OK:          14 +           0 = 01110
OK:          14 +           1 = 01111
OK:          14 +           2 = 10000
OK:          14 +           3 = 10001
OK:          14 +           4 = 10010
OK:          14 +           5 = 10011
OK:          14 +           6 = 10100
OK:          14 +           7 = 10101
OK:          14 +           8 = 10110
OK:          14 +           9 = 10111
OK:          14 +          10 = 11000
OK:          14 +          11 = 11001
OK:          14 +          12 = 11010
OK:          14 +          13 = 11011
OK:          14 +          14 = 11100
OK:          14 +          15 = 11101
OK:          15 +           0 = 01111
OK:          15 +           1 = 10000
OK:          15 +           2 = 10001
OK:          15 +           3 = 10010
OK:          15 +           4 = 10011
OK:          15 +           5 = 10100
OK:          15 +           6 = 10101
OK:          15 +           7 = 10110
OK:          15 +           8 = 10111
OK:          15 +           9 = 11000
OK:          15 +          10 = 11001
OK:          15 +          11 = 11010
OK:          15 +          12 = 11011
OK:          15 +          13 = 11100
OK:          15 +          14 = 11101
OK:          15 +          15 = 11110
Testes concluídos.
tb.v:39: $finish called at 256000 (1ps)
